2025-11-10 06:59:23 [INFO] 🚀 Starting Unified Production Deployment: deploy-20251110-065923
2025-11-10 06:59:23 [INFO] Target: https://ifpa-strategy.vercel.app
2025-11-10 06:59:23 [INFO] Log file: /Users/alexharris/Library/CloudStorage/OneDrive-Perficient,Inc/Perficient/clients/IFPA/ifpa-strategy/dev-opal-ai/my-nextjs-app/logs/deployment-deploy-20251110-065923.log
2025-11-10 06:59:23 [INFO] 🔧 Setting up Vercel authentication...
2025-11-10 06:59:23 [INFO] 🔑 Validating Vercel authentication...
2025-11-10 06:59:27 [SUCCESS] Vercel CLI is authenticated locally
2025-11-10 06:59:27 [INFO] 📄 Loading production environment configuration...
2025-11-10 06:59:27 [INFO] Loading .env.local file (development settings)
2025-11-10 06:59:27 [INFO] 🌍 Validating deployment environment...
2025-11-10 06:59:27 [WARN] NEXT_PUBLIC_BASE_URL appears to be set to localhost
2025-11-10 06:59:27 [INFO] For production, this should be: https://ifpa-strategy.vercel.app
2025-11-10 06:59:27 [INFO] Updated NEXT_PUBLIC_BASE_URL to production URL
2025-11-10 06:59:27 [SUCCESS] Environment validation passed
2025-11-10 06:59:27 [INFO] 📋 Validating Git repository status...
2025-11-10 06:59:28 [INFO] Git validation completed
2025-11-10 06:59:28 [INFO] Branch: main, Commit: ef022a78
2025-11-10 06:59:28 [INFO] 🔍 Running pre-deployment validation...
2025-11-10 06:59:28 [INFO] Node.js version: v20.9.0
2025-11-10 06:59:29 [INFO] npm version: 10.1.0
2025-11-10 06:59:33 [SUCCESS] Pre-deployment checks passed
2025-11-10 06:59:33 [INFO] 🔨 Building application for production...
2025-11-10 06:59:33 [INFO] Installing dependencies...
2025-11-10 07:03:05 [INFO] Running test suite...
2025-11-10 07:03:22 [ERROR] Tests failed
2025-11-10 07:03:22 [ERROR] Deployment failed. Check log: /Users/alexharris/Library/CloudStorage/OneDrive-Perficient,Inc/Perficient/clients/IFPA/ifpa-strategy/dev-opal-ai/my-nextjs-app/logs/deployment-deploy-20251110-065923.log
2025-11-10 07:03:22 [WARN] Cleaning up after error...
2025-11-10 07:03:22 [INFO] Cleanup completed
