2025-11-10 15:17:49 [INFO] 🚀 Starting Unified Production Deployment: deploy-20251110-151748
2025-11-10 15:17:49 [INFO] Target: https://ifpa-strategy.vercel.app
2025-11-10 15:17:49 [INFO] Log file: /Users/alexharris/Library/CloudStorage/OneDrive-Perficient,Inc/Perficient/clients/IFPA/ifpa-strategy/dev-opal-ai/my-nextjs-app/logs/deployment-deploy-20251110-151748.log
2025-11-10 15:17:49 [INFO] 🔧 Setting up Vercel authentication...
2025-11-10 15:17:49 [INFO] 🔑 Validating Vercel authentication...
2025-11-10 15:17:57 [SUCCESS] Vercel CLI is authenticated locally
2025-11-10 15:17:57 [INFO] 📄 Loading production environment configuration...
2025-11-10 15:17:57 [INFO] Loading .env.local file (development settings)
2025-11-10 15:17:57 [INFO] 🌍 Validating deployment environment...
2025-11-10 15:17:57 [WARN] NEXT_PUBLIC_BASE_URL appears to be set to localhost
2025-11-10 15:17:57 [INFO] For production, this should be: https://ifpa-strategy.vercel.app
2025-11-10 15:17:57 [INFO] Updated NEXT_PUBLIC_BASE_URL to production URL
2025-11-10 15:17:57 [SUCCESS] Environment validation passed
2025-11-10 15:17:57 [INFO] 📋 Validating Git repository status...
2025-11-10 15:17:57 [INFO] Git validation completed
2025-11-10 15:17:57 [INFO] Branch: main, Commit: cdda849d
2025-11-10 15:17:57 [INFO] 🔍 Running pre-deployment validation...
2025-11-10 15:17:58 [INFO] Node.js version: v20.9.0
2025-11-10 15:17:59 [INFO] npm version: 10.1.0
2025-11-10 15:18:03 [SUCCESS] Pre-deployment checks passed
2025-11-10 15:18:03 [INFO] 🔨 Building application for production...
2025-11-10 15:18:03 [INFO] Installing dependencies...
2025-11-10 15:20:33 [INFO] Running test suite...
2025-11-10 15:21:16 [ERROR] Tests failed
2025-11-10 15:21:16 [ERROR] Deployment failed. Check log: /Users/alexharris/Library/CloudStorage/OneDrive-Perficient,Inc/Perficient/clients/IFPA/ifpa-strategy/dev-opal-ai/my-nextjs-app/logs/deployment-deploy-20251110-151748.log
2025-11-10 15:21:16 [WARN] Cleaning up after error...
2025-11-10 15:21:16 [INFO] Cleanup completed
