2025-11-10 06:58:34 [INFO] 🚀 Starting Unified Production Deployment: deploy-20251110-065834
2025-11-10 06:58:34 [INFO] Target: https://ifpa-strategy.vercel.app
2025-11-10 06:58:34 [INFO] Log file: /Users/alexharris/Library/CloudStorage/OneDrive-Perficient,Inc/Perficient/clients/IFPA/ifpa-strategy/dev-opal-ai/my-nextjs-app/logs/deployment-deploy-20251110-065834.log
2025-11-10 06:58:34 [INFO] 🔧 Setting up Vercel authentication...
2025-11-10 06:58:34 [INFO] 🔑 Validating Vercel authentication...
2025-11-10 06:58:38 [SUCCESS] Vercel CLI is authenticated locally
2025-11-10 06:58:38 [INFO] 📄 Loading production environment configuration...
2025-11-10 06:58:38 [INFO] Loading .env.local file (development settings)
2025-11-10 06:58:38 [INFO] 🌍 Validating deployment environment...
2025-11-10 06:58:38 [WARN] NEXT_PUBLIC_BASE_URL appears to be set to localhost
2025-11-10 06:58:38 [INFO] For production, this should be: https://ifpa-strategy.vercel.app
2025-11-10 06:58:38 [INFO] Updated NEXT_PUBLIC_BASE_URL to production URL
2025-11-10 06:58:38 [SUCCESS] Environment validation passed
2025-11-10 06:58:38 [INFO] 📋 Validating Git repository status...
2025-11-10 06:58:38 [INFO] Git validation completed
2025-11-10 06:58:38 [INFO] Branch: main, Commit: 171cd026
2025-11-10 06:58:38 [INFO] 🔍 Running pre-deployment validation...
2025-11-10 06:58:38 [INFO] Node.js version: v20.9.0
2025-11-10 06:58:38 [INFO] npm version: 10.1.0
2025-11-10 06:58:41 [SUCCESS] Pre-deployment checks passed
2025-11-10 06:58:41 [INFO] 🔨 Building application for production...
2025-11-10 06:58:41 [INFO] Installing dependencies...
2025-11-10 06:58:47 [ERROR] Failed to install dependencies
2025-11-10 06:58:47 [ERROR] Deployment failed. Check log: /Users/alexharris/Library/CloudStorage/OneDrive-Perficient,Inc/Perficient/clients/IFPA/ifpa-strategy/dev-opal-ai/my-nextjs-app/logs/deployment-deploy-20251110-065834.log
2025-11-10 06:58:47 [WARN] Cleaning up after error...
2025-11-10 06:58:47 [INFO] Cleanup completed
